Traceback (most recent call last):
  File "run.py", line 2, in <module>
    from greeting import robot
  File "/home/why/robot_greeting/greeting.py", line 31
    init_msg = f"每天定时发送时间：{alarm_timed}\n"
                                         ^
SyntaxError: invalid syntax
█Getting uuid of QR code.
Downloading QR code.
**************************************************
每天定时发送时间: 13:05
女朋友的微信昵称：小骗子
	女友所在城市名称：成都
	在一起的第一天日期：2018-05-20
	最后一句为：来自最爱你的天才木瓜

                                                  ██████████████████████████████████████████████████████████████████████████████
██              ████  ████      ██████  ████  ████  ██  ██████              ██
██  ██████████  ████  ██████    ████████  ████  ████  ████████  ██████████  ██
██  ██      ██  ██      ██  ██      ██  ██      ████  ██    ██  ██      ██  ██
██  ██      ██  ██  ██    ████    ██  ████  ██  ████        ██  ██      ██  ██
██  ██      ██  ████  ████    ████  ██  ██████    ██    ██████  ██      ██  ██
██  ██████████  ██████    ██      ██  ██    ████  ████  ██████  ██████████  ██
██              ██  ██  ██  ██  ██  ██  ██  ██  ██  ██  ██  ██              ██
████████████████████  ██████  ██    ██████  ██  ██    ██    ██████████████████
████████    ██    ██    ████  ██████████████      ██████████████████    ██████
████████      ██      ██████████  ██  ████            ██            ██    ████
████  ██  ████  ██    ██    ██    ██    ████      ██  ██          ██    ██  ██
████  ██      ██  ████    ██  ████████    ██  ████████  ██      ████    ██  ██
██  ████    ██        ██  ██████████████    ████████████    ██    ██████    ██
████████████  ██    ████      ██            ██    ████        ████  ██  ██████
████████    ██    ████    ████  ██████  ██    ██████  ██  ██    ██          ██
██  ██    ████████  ██  ██  ████  ████  ██  ██  ████████  ██  ████        ████
██████      ██    ██    ██        ██    ██        ██  ████  ██    ████  ██  ██
██        ██  ██████        ██    ██████    ████      ██  ██  ██  ██████  ████
██      ██  ██    ██  ██          ██      ██  ████  ████  ██████  ████  ██  ██
████  ██  ██████      ██  ██  ██  ██            ██    ██████  ██████  ████████
██  ████  ██    ██      ████        ██████  ██          ██      ██    ████████
████  ██████████  ██        ████    ████  ██  ████    ██    ████    ██  ██████
██  ██  ██  ██  ████  ██  ██████  ██████████    ██  ████  ████████  ██████  ██
██████        ██      ██  ██████    ██████          ██      ████  ████  ██████
██      ████    ██████████      ██  ██  ██    ██████    ██  ██  ████  ████████
██      ██████████  ██    ██████  ██  ██      ████  ██  ██    ████    ██  ████
██      ████      ██  ██████  ██    ██      ██  ████      ████  ██████      ██
██  ██      ████████  ████  ██████████  ████    ██  ██        ██████    ██████
██  ████  ████            ████  ██  ██      ██        ██            ██████████
██████████████████          ████  ██  ██████  ██████  ████  ██████        ████
██              ██  ████    ██    ██████████████    ██████  ██  ██      ██  ██
██  ██████████  ████    ████    ████████████  ██        ██  ██████    ██  ████
██  ██      ██  ██  ██████      ██    ████████████  ████            ████  ████
██  ██      ██  ██  ██████    ██████  ██████  ██████        ██  ████  ████████
██  ██      ██  ████  ████    ████    ████    ████  ██  ██  ████            ██
██  ██████████  ██████  ██████  ██████  ████  ████████  ██████  ██  ██      ██
██              ████  ██    ██  ██    ██  ████  ██  ██████  ██  ████  ████  ██
██████████████████████████████████████████████████████████████████████████████
Please scan the QR code to log in.
Log in time out, reloading QR code.
Getting uuid of QR code.
Downloading QR code.
                                                  ██████████████████████████████████████████████████████████████████████████████
██              ████            ██████    ██  ████  ██  ██████              ██
██  ██████████  ████  ████████  ████████      ██████  ████████  ██████████  ██
██  ██      ██  ██          ████    ██  ██  ████████  ██    ██  ██      ██  ██
██  ██      ██  ██  ██  ██████    ██  ████████  ████        ██  ██      ██  ██
██  ██      ██  ████  ██████    ██  ██    ████    ██    ██████  ██      ██  ██
██  ██████████  ██████  ██    ██  ██  ██████  ██  ████  ██████  ██████████  ██
██              ██  ██  ██  ██  ██  ██  ██  ██  ██  ██  ██  ██              ██
████████████████████  ████████      ██████  ██  ██    ██    ██████████████████
████████    ██    ██      ██    ████████████  ██    ████████████████    ██████
████      ██  ██      ████████████  ██████    ██  ██  ██      ████  ████  ████
████  ██  ██    ██    ██    ██  ██    ██████    ████  ██            ██████  ██
████    ██    ██  ██████  ██  ████    ██  ██  ████████    ██      ██    ██  ██
██  ████  ██        ████  ██████████  ██    ██████  ████    ██    ██████    ██
██████        ██      ██      ██            ██      ██        ████  ██  ██████
██████            ██████  ████    ████████    ████    ██  ██    ██          ██
██  ██  ██  ██████      ██  ████  ████  ██  ██  ██  ████  ██  ████        ████
████████  ████    ████  ████    ████    ██        ██  ████  ██    ████  ██  ██
████      ██  ██  ██  ██  ████    ██████    ████      ██  ██  ██  ██████  ████
██  ██  ██  ██  ██    ████████    ██      ████████  ████  ██████  ████  ██  ██
██  ████  ██████  ██  ██████      ██      ████  ██    ██████  ██████  ████████
██  ████  ██    ████        ██      ██████    ██    ██  ██      ██    ████████
██    ██████████████    ██████      ████  ██  ████          ████    ██    ████
██      ██  ██  ████  ████        ██████      ████  ████  ████  ██  ██████  ██
████          ██  ██  ████    ██    ████████        ██        ██  ████  ██  ██
██████  ████    ██████████    ████  ██      ██  ████    ██████    ██  ██  ████
██  ████  ████████        ████████  ████      ████  ██      ██  ██  ████  ████
██    ████  ██    ██    ████  ██  ██        ██  ████        ██  ████  ██    ██
██  ████    ██████████████  ████    ████████    ██  ██  ████  ██████    ██████
██  ██████  ██        ██  ████    ██        ██    ██  ████            ████████
██████████████████  ██      ████  ██████████  ████    ████  ██████        ████
██              ██  ██      ██  ██  ████████████    ██████  ██  ██      ██  ██
██  ██████████  ████  ██████    ██  ████████  ██████    ██  ██████    ██  ████
██  ██      ██  ██  ██  ████    ██  ██████████████  ████            ████  ████
██  ██      ██  ██  ██  ████████████  ██    ██████████      ██  ████  ████████
██  ██      ██  ████  ██    ██████    ████    ████    ████  ████            ██
██  ██████████  ██████    ██    ██████  ██████  ██████  ██████  ██  ██      ██
██              ████  ██████  ████    ██      ████  ██████  ██  ████  ████  ██
██████████████████████████████████████████████████████████████████████████████
Please scan the QR code to log in.
Log in time out, reloading QR code.
Getting uuid of QR code.
Downloading QR code.
                                                  ██████████████████████████████████████████████████████████████████████████████
██              ██      ██  ██  ████████    ██████  ██  ██████              ██
██  ██████████  ████  ████      ████████      ████████  ██████  ██████████  ██
██  ██      ██  ██    ████    ██  ████      ██  ████████  ████  ██      ██  ██
██  ██      ██  ██████    ██████  ██  ██      ██████        ██  ██      ██  ██
██  ██      ██  ██    ████      ██          ██  ████  ████████  ██      ██  ██
██  ██████████  ██████████    ██    ████        ██████  ██  ██  ██████████  ██
██              ██  ██  ██  ██  ██  ██  ██  ██  ██  ██  ██  ██              ██
██████████████████    ██  ██████    ████  ██  ████  ██      ██████████████████
████████████    ████  ██████  ██████████  ██████      ████  ██  ██  ██  ██  ██
████████      ██      ████████  ██  ██████    ██████  ██      ████        ████
████      ████  ██████  ██  ████  ████████                  ██  ██          ██
████      ██  ██  ██████████  ████  ██    ██    ██████  ██████    ██  ██    ██
██  ██████████      ██    ██████    ████    ████    ████    ██    ██  ██    ██
████    ████  ██████  ██    ██      ██  ██████    ██  ██      ██  ████  ██████
████    ██████  ██████    ██      ██████            ████              ██    ██
██  ████      ████  ██  ██  ██████████  ██  ██  ██  ████  ██  ████        ████
████████  ██        ██        ██  ██  ████      ████    ██          ██      ██
██          ██████        ████          ████    ██    ██    ████  ████  ██████
██████  ██  ██  ████  ██          ██    ██████████  ████  ██████  ████  ██  ██
██  ██    ██████████  ██████████  ██        ██████  ██  ████  ██      ████████
████████        ██    ████    ██  ████████████      ██  ████            ██████
██    ████████████          ██      ██████  ██  ██    ██    ████    ██      ██
██  ██████      ████  ██  ████    ██  ████  ██      ██    ██    ████████    ██
██████    ██████  ██    ████      ██  ██████  ████  ██    ██      ██████  ████
██  ██    ██      ████████  ██  ██  ██  ██  ██  ████    ██████  ██    ████  ██
██  ██  ████████  ██      ██        ████████  ████    ████  ████  ██████  ████
██  ██  ██      ████    ████████    ██  ██  ██████████      ██  ██  ██      ██
██  ████      ██████  ████  ████    ████████    ██  ██  ██    ████      ██████
██  ██████  ██    ████  ████████████      ████  ██      ██            ██  ████
██████████████████  ██████  ██████  ████████    ████  ████  ██████    ████████
██              ██████      ██  ██      ████████  ████████  ██  ██      ██  ██
██  ██████████  ██    ██████████████████      ████  ██████  ██████    ██  ████
██  ██      ██  ██████  ██████    ████    ████        ██            ██    ████
██  ██      ██  ██████      ████████    ████  ██████        ██  ████  ████████
██  ██      ██  ████  ██  ████  ██  ████            ██████    ██  ██    ██  ██
██  ██████████  ██████████████  ██      ██████    ████  ██      ██  ██████  ██
██              ████  ██      ████    ██████    ████  ████  ██  ████  ████  ██
██████████████████████████████████████████████████████████████████████████████
Please scan the QR code to log in.
█Getting uuid of QR code.
Downloading QR code.
**************************************************
每天定时发送时间: 13:05
女朋友的微信昵称：小骗子
	女友所在城市名称：成都
	在一起的第一天日期：2018-05-20
	最后一句为：来自最爱你的天才木瓜

                                                  ██████████████████████████████████████████████████████████████████████████████
██              ████  ██  ██    ████████  ████████  ██  ██████              ██
██  ██████████  ████  ██  ██  ████████████  ██  ████  ████████  ██████████  ██
██  ██      ██  ██        ████      ██  ██████  ████  ██    ██  ██      ██  ██
██  ██      ██  ██  ██    ██████  ██  ██    ██  ████        ██  ██      ██  ██
██  ██      ██  ████  ██  ████  ██  ██  ████  ██  ██    ██████  ██      ██  ██
██  ██████████  ██████    ██  ██  ██  ██████████  ████  ██████  ██████████  ██
██              ██  ██  ██  ██  ██  ██  ██  ██  ██  ██  ██  ██              ██
████████████████████  ██████  ██    ██████  ██████    ██    ██████████████████
████████    ██    ██      ██  ████  ████  ██████  ██████████████████    ██████
████  ████    ██    ████████████  ██  ████    ████    ██    ██        ██  ████
████    ██  ██  ██  ██      ██    ██  ██████    ██    ██                ██  ██
████    ████████  ████    ██  ██          ██  ██    ██    ██    ██      ██  ██
██  ██  ██  ██      ██    ██████  ██        ████  ██████    ██    ██  ██    ██
██████    ██████    ████      ████    ██    ██      ██        ████  ██  ██████
██████  ██        ██████  ████  ██    ████    ██      ██  ██    ██          ██
██  ██  ██  ██████  ██████  ████    ██  ██  ██  ████████  ██  ████        ████
██████    ██      ██  ██████    ██████  ████      ██  ████  ██    ████  ██  ██
████      ██  ██        ██  ██    ████████  ████      ██  ██  ██  ██████  ████
██      ██  ██    ██  ██          ██      ██  ████  ████  ██████  ████  ██  ██
████  ██  ████████    ██████████  ██      ██  ████    ██████  ██████  ████████
██  ████  ██      ██    ████        ██████  ██      ██  ██      ██    ████████
████  ██████████              ██    ████    ██  ██    ██    ████    ██  ██  ██
████    ██  ██    ██  ██████████  ████████      ██  ████  ██    ██  ██████  ██
██  ██        ██      ██    ████    ████  ████      ██      ████  ████    ████
██  ██    ██      ██████        ██████  ██      ████    ██  ██  ██    ██  ████
██  ████    ██████        ████      ████        ██  ██      ██  ██  ████  ████
██      ██████    ██████████  ██████  ██    ██  ████        ██  ██████      ██
██  ██        ██████    ██  ██████      ████    ██  ██  ████  ████  ██  ██████
██  ██  ██████            ████  ████        ██    ██  ██            ██  ██████
██████████████████  ████    ████      ██████  ██  ██  ████  ██████        ████
██              ██    ██    ██  ████  ██████████  ████████  ██  ██      ██  ██
██  ██████████  ██████  ████      ██  ██████  ████      ██  ██████    ██  ████
██  ██      ██  ██  ██  ████          ████  ██████  ████            ████  ████
██  ██      ██  ██  ██████    ██████  ██  ████████████      ██  ████  ████████
██  ██      ██  ████  ██      ████    ██      ████    ████  ████            ██
██  ██████████  ██████    ██    ██████  ████  ████████  ██████  ██  ██      ██
██              ████  ██  ████████    ████████  ██  ██████  ██  ████  ████  ██
██████████████████████████████████████████████████████████████████████████████
Please scan the QR code to log in.
Traceback (most recent call last):
  File "/home/why/robot_greeting/env/lib/python3.7/site-packages/urllib3/connectionpool.py", line 377, in _make_request
    httplib_response = conn.getresponse(buffering=True)
TypeError: getresponse() got an unexpected keyword argument 'buffering'

During handling of the above exception, another exception occurred:

Traceback (most recent call last):
  File "run.py", line 10, in <module>
    run()
  File "run.py", line 6, in run
    robot().run()
  File "/home/why/robot_greeting/greeting.py", line 103, in run
    if not self.is_online(auto_login=True):
  File "/home/why/robot_greeting/greeting.py", line 87, in is_online
    itchat.auto_login(enableCmdQR=2)
  File "/home/why/robot_greeting/env/lib/python3.7/site-packages/itchat/components/register.py", line 36, in auto_login
    loginCallback=loginCallback, exitCallback=exitCallback)
  File "/home/why/robot_greeting/env/lib/python3.7/site-packages/itchat/components/login.py", line 53, in login
    status = self.check_login()
  File "/home/why/robot_greeting/env/lib/python3.7/site-packages/itchat/components/login.py", line 133, in check_login
    r = self.s.get(url, params=params, headers=headers)
  File "/home/why/robot_greeting/env/lib/python3.7/site-packages/requests/sessions.py", line 546, in get
    return self.request('GET', url, **kwargs)
  File "/home/why/robot_greeting/env/lib/python3.7/site-packages/requests/sessions.py", line 533, in request
    resp = self.send(prep, **send_kwargs)
  File "/home/why/robot_greeting/env/lib/python3.7/site-packages/requests/sessions.py", line 646, in send
    r = adapter.send(request, **kwargs)
  File "/home/why/robot_greeting/env/lib/python3.7/site-packages/requests/adapters.py", line 449, in send
    timeout=timeout
  File "/home/why/robot_greeting/env/lib/python3.7/site-packages/urllib3/connectionpool.py", line 600, in urlopen
    chunked=chunked)
  File "/home/why/robot_greeting/env/lib/python3.7/site-packages/urllib3/connectionpool.py", line 380, in _make_request
    httplib_response = conn.getresponse()
  File "/usr/local/lib/python3.7/http/client.py", line 1321, in getresponse
    response.begin()
  File "/usr/local/lib/python3.7/http/client.py", line 296, in begin
    version, status, reason = self._read_status()
  File "/usr/local/lib/python3.7/http/client.py", line 257, in _read_status
    line = str(self.fp.readline(_MAXLINE + 1), "iso-8859-1")
  File "/usr/local/lib/python3.7/socket.py", line 589, in readinto
    return self._sock.recv_into(b)
  File "/usr/local/lib/python3.7/ssl.py", line 1052, in recv_into
    return self.read(nbytes, buffer)
  File "/usr/local/lib/python3.7/ssl.py", line 911, in read
    return self._sslobj.read(len, buffer)
KeyboardInterrupt
